commit 14b40a1524a73ad2f0612dc1220c12788d13aa99
Merge: 9ad35ee 0dc1667
Author: c4k9c0 <charliecox17@yahoo.com>
Date:   Wed Mar 23 18:56:35 2016 -0500

    Merge branch 'dev' of https://github.com/c4k9c0/cs373-idb into dev

commit 9ad35ee5c038a9f4ed34428a06eee081980d643a
Author: c4k9c0 <charliecox17@yahoo.com>
Date:   Wed Mar 23 18:56:08 2016 -0500

    Changed about page #14

commit 0dc1667f481c5c6f2a2aa18ab93ed2925ee98817
Merge: 47f970d e18eaa9
Author: jlciam <jlciam@utexas.edu>
Date:   Wed Mar 23 18:50:56 2016 -0500

    Merge branch 'dev' of https://github.com/c4k9c0/cs373-idb into dev
    
    Conflicts:
    	app/templates/about.html

commit 47f970d4caf7bce64fd83433bd329f2e4c6e4089
Author: jlciam <jlciam@utexas.edu>
Date:   Wed Mar 23 18:46:31 2016 -0500

    bio and responsibilities added -Jena

commit e18eaa94b15a167678382d0957b93b298fd00927
Author: c4k9c0 <charliecox17@yahoo.com>
Date:   Wed Mar 23 18:39:50 2016 -0500

    Updated about page #14

commit 3646428ef4e8fed701043d667ff2e34bdb732840
Author: Andy Medina <andymedina@utexas.edu>
Date:   Tue Mar 22 22:18:51 2016 -0500

    css clean up

commit 0d1ffab432b060e86a14d4c2962c763963da8bf5
Author: Andy Medina <andymedina@utexas.edu>
Date:   Tue Mar 22 22:17:25 2016 -0500

    turned debugging off

commit 09900afca9aa1e628834eee5cb578fee1a6216cc
Author: Andy Medina <andymedina@utexas.edu>
Date:   Tue Mar 22 22:10:08 2016 -0500

    update jenas pic

commit 7826372581b9d8444b459421539df0dfe9fe8d90
Author: Andy Medina <andymedina@utexas.edu>
Date:   Tue Mar 22 21:58:52 2016 -0500

    update hunters pic

commit 5b022c753b54122004bdcaf514003f63eb152074
Author: Andy Medina <andymedina@utexas.edu>
Date:   Tue Mar 22 21:49:44 2016 -0500

    added andy bio

commit 12385bbea8d2a54178b53467c6080c4382968b04
Merge: 5762fab b8871f5
Author: Andy Medina <andymedina@utexas.edu>
Date:   Tue Mar 22 21:22:32 2016 -0500

    Merge branch 'dev' of https://github.com/c4k9c0/cs373-idb into andy

commit 5762fab89b398db98a20f6f1a6c2585622203c67
Merge: 798d4e2 32bd606
Author: Andy Medina <andymedina@utexas.edu>
Date:   Tue Mar 22 21:18:01 2016 -0500

    Merge remote-tracking branch 'origin' into andy

commit 798d4e2f53f50617e9dbb4afb5f2d3bf41e0b703
Author: Andy Medina <andymedina@utexas.edu>
Date:   Tue Mar 22 21:16:44 2016 -0500

    added favicon

commit b8871f51b36c5047a6bcc356ae47ef97c8ef818a
Author: c4k9c0 <charliecox17@yahoo.com>
Date:   Tue Mar 22 20:58:49 2016 -0500

    removed unused html

commit 0feb71dbf05e9b3a388bbf29f303f53c032bf4db
Merge: 402e6bc 51a63cc
Author: c4k9c0 <charliecox17@yahoo.com>
Date:   Tue Mar 22 20:55:25 2016 -0500

    Merge branch 'dev' into charlie

commit 402e6bcf9ba53e86ee75bdc38d461edddb1ee6e3
Author: c4k9c0 <charliecox17@yahoo.com>
Date:   Tue Mar 22 20:48:57 2016 -0500

    made datatables more responsive, still not great though. #19

commit 51a63ccff984741b019c768c617ef212564da7ee
Merge: 787ad7c 263c1bf
Author: c4k9c0 <charliecox17@yahoo.com>
Date:   Tue Mar 22 20:11:53 2016 -0500

    Merge branch 'charlie' into dev

commit 263c1bf3378c40523915713c9cf35bce75151b64
Author: c4k9c0 <charliecox17@yahoo.com>
Date:   Tue Mar 22 20:04:15 2016 -0500

    Wrote unit tests #7

commit 45d8d0d8469df5af2036d4daf7dbf2825cf4777b
Author: c4k9c0 <charliecox17@yahoo.com>
Date:   Tue Mar 22 19:08:21 2016 -0500

    Removing install pymssql since we don't need it in part 1 #25

commit 7f2fd2ae1aac0f11a958692862ec6c349e0a677a
Author: c4k9c0 <charliecox17@yahoo.com>
Date:   Tue Mar 22 19:00:11 2016 -0500

    Adding models and pydoc #24

commit ee04687886a90ca42f61bcda54a2b8b3037fd2f4
Merge: 74f9aa6 787ad7c
Author: Andy Medina <andymedina@utexas.edu>
Date:   Tue Mar 22 13:28:39 2016 -0500

    updating andy branch

commit 74f9aa66636b686cc07f6f7f39d4a75721cd8205
Author: Andy Medina <andymedina@utexas.edu>
Date:   Tue Mar 22 13:27:49 2016 -0500

    css and docker yml updates

commit 294c46bf621d8ebe97058601636072f71badb042
Author: c4k9c0 <charliecox17@yahoo.com>
Date:   Mon Mar 21 22:09:59 2016 -0500

    Moved UML to correct place #8

commit c2e09252ce2c63abd2c3a15a81a7ee54a546ffe6
Merge: e7f0829 4367999
Author: c4k9c0 <charliecox17@yahoo.com>
Date:   Mon Mar 21 22:05:08 2016 -0500

    Merge branch 'dev' into charlie

commit e7f0829c988d9125f049fa170b896e7d0f6f174e
Author: c4k9c0 <charliecox17@yahoo.com>
Date:   Mon Mar 21 22:01:56 2016 -0500

    Adding make and travis files #11

commit 787ad7c0ca04dbe124a89b6d6ae4953900dcf181
Merge: 60e537b bff3cbc
Author: Gabriel Gontijo Moreira <gabrielgo.moreira@egmail.com>
Date:   Mon Mar 21 21:13:46 2016 -0500

    Merge branch 'gabriel' into dev

commit bff3cbcaf7f22c6e3f2c59b68b8b10bc02c5045a
Author: Gabriel Gontijo Moreira <gabrielgo.moreira@egmail.com>
Date:   Mon Mar 21 21:13:36 2016 -0500

    fixed the apiary link to point to our actual api link

commit 60e537b0e9a8033e1ad5b3bfb09fc81fe8e20581
Merge: 4367999 280417f
Author: Gabriel Gontijo Moreira <gabrielgo.moreira@egmail.com>
Date:   Mon Mar 21 21:07:03 2016 -0500

    Merge branch 'gabriel' into dev

commit 280417fe6182afdcd0fab89eb8aacad4581764ee
Author: Gabriel Gontijo Moreira <gabrielgo.moreira@egmail.com>
Date:   Mon Mar 21 21:06:45 2016 -0500

    Now when on an individual crime page the second table column (team) is now a link that leads you to the right team individual page

commit 29341f6b0682f439b5c11547b70b88cf117727d3
Author: Gabriel Gontijo Moreira <gabrielgo.moreira@egmail.com>
Date:   Mon Mar 21 20:56:17 2016 -0500

    Individual Teams Page now shows all the infor about that individual team before the table and pie chart

commit 50d022064caa9c766c4fff732f9470657f7f8185
Author: Gabriel Gontijo Moreira <gabrielgo.moreira@egmail.com>
Date:   Mon Mar 21 20:31:42 2016 -0500

    Crimes pages now show all the attributes in its table

commit d03e96fab7aeed442083007d1a7e36d00d91990e
Author: Gabriel Gontijo Moreira <gabrielgo.moreira@egmail.com>
Date:   Mon Mar 21 20:26:54 2016 -0500

    Individual crimes table now shows 5 attributes in its table

commit 4367999a942063c8e2c929c33403083a12c155b3
Merge: 15ab66d aa69a28
Author: Gabriel Gontijo Moreira <gabrielgo.moreira@egmail.com>
Date:   Mon Mar 21 20:19:49 2016 -0500

    Merge branch 'gabriel' into dev

commit aa69a2813b187ea9f2397aa67f8799ebc580b947
Author: Gabriel Gontijo Moreira <gabrielgo.moreira@egmail.com>
Date:   Mon Mar 21 20:19:25 2016 -0500

    Made bar bold for better view

commit f67091c5f5261209e0c3a4cf0bd97ea7af7edf9a
Author: Gabriel Gontijo Moreira <gabrielgo.moreira@egmail.com>
Date:   Mon Mar 21 20:17:12 2016 -0500

    Single player page now shows tam badge by name

commit 15ab66de507259b9e4c0defa7617f926a6d32564
Merge: 5e1bccd 042d51d
Author: Gabriel Gontijo Moreira <gabrielgo.moreira@egmail.com>
Date:   Mon Mar 21 20:07:14 2016 -0500

    Merge branch 'gabriel' into dev

commit 042d51d9b60a3527525e41b829f2f9f6cb2dd638
Author: Gabriel Gontijo Moreira <gabrielgo.moreira@egmail.com>
Date:   Mon Mar 21 20:06:52 2016 -0500

    Now each player page shows 5 attributes about that player

commit 5e1bccd8e679f5943c167a9efc965e77a72b24bc
Merge: 623917e 7f1caa0
Author: c4k9c0 <charliecox17@yahoo.com>
Date:   Mon Mar 21 20:03:19 2016 -0500

    Merge branch 'charlie' into dev

commit 7f1caa019f0e25ab63b186ac991aa700188084f3
Author: c4k9c0 <charliecox17@yahoo.com>
Date:   Mon Mar 21 19:34:42 2016 -0500

    Fixed the double templates dir issue. Cleaned up app.py closes #21

commit 623917e77ffb6f89cdcdb25ea2efddd0080a7166
Author: Gabriel Gontijo Moreira <gabrielgo.moreira@egmail.com>
Date:   Mon Mar 21 19:31:11 2016 -0500

    Made it so now the single playe page table displays 2 more details about the crime, Date and Description

commit 933a875c730b8b738d2632aea0a63e8dd83ba8e5
Merge: dfbf047 022726d
Author: Gabriel Gontijo Moreira <gabrielgo.moreira@egmail.com>
Date:   Mon Mar 21 19:15:51 2016 -0500

    Merge branch 'dev' of https://github.com/c4k9c0/cs373-idb into dev

commit f6300927d443eb1990621b54d49f14a60cacd598
Merge: dca207f 022726d
Author: c4k9c0 <charliecox17@yahoo.com>
Date:   Mon Mar 21 19:12:12 2016 -0500

    Merge branch 'dev' into charlie

commit 32bd606ebf4401dba0c5b9a7a731bf6c617367c6
Author: c4k9c0 <charilecox17@yahoo.com>
Date:   Sun Mar 20 21:46:16 2016 -0500

    Finished API Documentation #2 #13

commit 022726da9f0c0853e09f9716070e238e6f564ae4
Merge: df894c2 a1c40f3
Author: Andy Medina <andymedina@utexas.edu>
Date:   Sun Mar 20 21:33:58 2016 -0500

    Merge branch 'andy' into dev

commit a1c40f31ae2248c134b6dfef50f4e89efb077481
Author: Andy Medina <andymedina@utexas.edu>
Date:   Sun Mar 20 21:33:16 2016 -0500

    converted teams page to table

commit dfbf047e2b4168b03e85b8216a417073e96ea4be
Author: Gabriel Gontijo Moreira <gabrielgo.moreira@egmail.com>
Date:   Sun Mar 20 20:51:17 2016 -0500

    Created the UML diagram pdf

commit df894c22d681d5c3dbbf3878cc41ba9cbeb79061
Author: Gabriel Gontijo Moreira <gabrielgo.moreira@egmail.com>
Date:   Sun Mar 20 20:08:59 2016 -0500

    Created and tabularized the columns to the teams model

commit 182a7dd89652d0228c5db58f20a9acde92f975d5
Author: Andy Medina <andymedina@utexas.edu>
Date:   Sun Mar 20 20:07:40 2016 -0500

    converted crimes page to table

commit 95cdda348851893fbce6f09a5dbe81f411650728
Author: Gabriel Gontijo Moreira <gabrielgo.moreira@egmail.com>
Date:   Sun Mar 20 18:00:10 2016 -0500

    Created the crimes model to mirror the crimes.json and tabularized the other columns initializations

commit dca207f95da905ad36348d8f95eb7535e2569313
Author: c4k9c0 <charliecox17@yahoo.com>
Date:   Sun Mar 20 17:55:06 2016 -0500

    Adding data for the teams #20

commit 7b0213105b1979a2b0a5891e57e6e901f1237f48
Author: c4k9c0 <charliecox17@yahoo.com>
Date:   Sun Mar 20 17:48:41 2016 -0500

    Removing node modules

commit 718c5d8c07bdb80907e5560f72a21358d4b8fe64
Author: Gabriel Gontijo Moreira <gabrielgo.moreira@egmail.com>
Date:   Sun Mar 20 17:37:49 2016 -0500

    mirror the players.json to improve the columns from the players model

commit 21eecc3a9b95f7e812610471baea29e28a47fe07
Author: Gabriel Gontijo Moreira <gabrielgo.moreira@egmail.com>
Date:   Sun Mar 20 17:26:01 2016 -0500

    Updated the columns of the players model

commit 50df4a1ee47edba15a4826b6f14a7c229c6b7c34
Author: Gabriel Gontijo Moreira <gabrielgo.moreira@egmail.com>
Date:   Sun Mar 20 17:15:23 2016 -0500

    created basic models.py frame

commit e8f351e6ae70fbcfe8812a7129638166e3e819a9
Author: Gabriel Gontijo Moreira <gabrielgo.moreira@egmail.com>
Date:   Sun Mar 20 16:50:56 2016 -0500

    Changed the apiary link to our actual link"

commit 35f05c5037c8f02ff8c8818cf540f6fc581e6370
Merge: 1ef1ba0 7c84463
Author: jlciam <jlciam@utexas.edu>
Date:   Sun Mar 20 16:50:29 2016 -0500

    Merge branch 'dev' into dev-jena

commit 7c84463019077af27e003ade7dd036a787f85aae
Author: c4k9c0 <charliecox17@yahoo.com>
Date:   Sun Mar 20 16:39:47 2016 -0500

    Attempting to remove a templates folder #21

commit 1ef1ba09d9005539cca38c1765ba24255045af78
Merge: 8dc13ff 88f6fdb
Author: jlciam <jlciam@utexas.edu>
Date:   Sun Mar 20 16:29:14 2016 -0500

    Merge branch 'dev-jena' of https://github.com/c4k9c0/cs373-idb into dev-jena

commit 8dc13ff459f2417887fd93fa4b175f78dfcefd84
Author: Jena Cameron <jlciam21@cs.utexas.edu>
Date:   Sat Mar 12 15:33:10 2016 -0600

    quick startup up written. Running server and editing pages.

commit 4ef1f880c317c286798cbc5b9cbadd1d03a7001f
Author: c4k9c0 <charliecox17@yahoo.com>
Date:   Sun Mar 20 15:41:56 2016 -0500

    Collected information about teams so we can make a model page #20

commit c8bd8ed63937b26ab7292b48ccd8321a19204102
Author: c4k9c0 <charliecox17@yahoo.com>
Date:   Sat Mar 19 21:46:31 2016 -0500

    Finished restructuring repo. Got it working with flask #16

commit 0bafaeab6e1d63a92925fdcf0f82852b4bec894c
Author: c4k9c0 <charliecox17@yahoo.com>
Date:   Sat Mar 19 21:28:09 2016 -0500

    Removing unused files #16

commit abc16e59dec7181c410bf817797d30f3b11314f0
Author: c4k9c0 <charliecox17@yahoo.com>
Date:   Sat Mar 19 21:22:18 2016 -0500

    Changing directory structure, loading js but not html #16

commit 5077c521c01a9151045ffcc62750f4caaf6041c4
Author: c4k9c0 <charliecox17@yahoo.com>
Date:   Thu Mar 17 20:55:19 2016 -0500

    Finished parsing json error

commit 5c9ed59d0484007bb114ae4e2e1d827841c1121f
Author: c4k9c0 <charliecox17@yahoo.com>
Date:   Thu Mar 17 20:09:56 2016 -0500

    Finished trimming data

commit 52701fb47ff6720e6868a9af9a7db13fe1e3318e
Merge: 6461792 c1d4c52
Author: c4k9c0 <charliecox17@yahoo.com>
Date:   Thu Mar 17 18:54:56 2016 -0500

    Merge branch 'dev' into charlie
    
    Conflicts:
    	app/js/controllers.js

commit 646179238f3f824941fe81613c35250e2f5fde30
Author: c4k9c0 <charliecox17@yahoo.com>
Date:   Thu Mar 17 17:45:04 2016 -0500

    corrected some duplicates in json

commit c1d4c522126ef7ca25984bc14e0f789679d96fa2
Merge: 781e1d0 b4122f2
Author: Hunter DeGroot <hunterdegroot@gmail.com>
Date:   Thu Mar 17 16:31:11 2016 -0500

    Merge branch 'dev'

commit b4122f23ac44371480ce82d7cdf0752be304a9e9
Author: Hunter DeGroot <hunterdegroot@gmail.com>
Date:   Thu Mar 17 16:30:58 2016 -0500

    Front End complete
    
    Everything cycles

commit a5968edcace87de13debde4c9b4a96926ec5a753
Author: c4k9c0 <charliecox17@yahoo.com>
Date:   Thu Mar 17 14:13:25 2016 -0500

    Adding image. idk why it wasn't already there...

commit 7f32b4420eb4f87a1b0786722e230fc352c03d60
Merge: 2d61fa3 7d9c0f5
Author: c4k9c0 <charliecox17@yahoo.com>
Date:   Thu Mar 17 13:57:51 2016 -0500

    Merge branch 'charlie' into dev

commit 7d9c0f51934ca068a1df39a6dc146d6b2ee54a86
Author: c4k9c0 <charliecox17@yahoo.com>
Date:   Thu Mar 17 13:57:36 2016 -0500

    removed jpg from tracking

commit 2d61fa38a2afed83c790fe47826e6b2a4f0c3704
Merge: bb14fdd 28d7305
Author: c4k9c0 <charliecox17@yahoo.com>
Date:   Thu Mar 17 13:54:33 2016 -0500

    Merge branch 'dev' of https://github.com/c4k9c0/cs373-idb into dev
    
    Conflicts:
    	app/img/crime.jpg

commit bb14fddda05b32547d4f0d1b80258b56fe109308
Author: c4k9c0 <charliecox17@yahoo.com>
Date:   Wed Mar 16 21:15:13 2016 -0500

    changing crime to be a png

commit 1c08ea2c8414203530f8bb92bdb1e38fa4ac740b
Author: c4k9c0 <charliecox17@yahoo.com>
Date:   Wed Mar 16 19:27:03 2016 -0500

    Implemented the crimes page

commit e179a0137e39fa2b28da7ed3cde6ec55e777d549
Author: c4k9c0 <charliecox17@yahoo.com>
Date:   Wed Mar 16 16:11:38 2016 -0500

    Fixed Navigation issue on small devices

commit 28d730515fdd47b37445e71cf34f3138bc86f537
Author: Charlie Cox <charliecox17@yahoo.com>
Date:   Wed Mar 16 12:15:51 2016 -0500

    adding crime image

commit c71f3554a9c73b872b919ee426e5fda07b577726
Author: c4k9c0 <charliecox17@yahoo.com>
Date:   Wed Mar 16 11:36:21 2016 -0500

    Sorted team page

commit 60dc3366fe57576b983009f09d04cf90f60e0284
Author: c4k9c0 <charliecox17@yahoo.com>
Date:   Tue Mar 15 23:42:03 2016 -0500

    Implemented Teams page

commit d43dc06b8769037247bacd40b0f75657a9ce6fc7
Author: Charlie Cox <charliecox17@yahoo.com>
Date:   Sun Mar 13 22:36:47 2016 -0500

    Adding team images

commit 781e1d0d4bddd9d814731fdfd20e85b632f6e4fa
Merge: 7a1dd74 8c60e11
Author: Hunter DeGroot <hunterdegroot@gmail.com>
Date:   Sun Mar 13 18:25:39 2016 -0500

    Merge branch 'dev'

commit 8c60e111f701e137f0a0ba91a7e69d38ef8eba6e
Author: Hunter DeGroot <hunterdegroot@gmail.com>
Date:   Sun Mar 13 18:25:27 2016 -0500

    data from json

commit 7a1dd742e5b7d11e7b62a403fbf22b81c21a4e36
Merge: 8e4185e fea2831
Author: gabrielgomoreira <gabrielgo.moreira@gmail.com>
Date:   Sat Mar 12 20:16:06 2016 -0600

    Merge pull request #15 from c4k9c0/dev
    
    Dev

commit fea28315afd1a01dcb83f367b8e938002220a2be
Author: Gabriel Gontijo Moreira <gabrielgo.moreira@egmail.com>
Date:   Sat Mar 12 20:14:31 2016 -0600

    Created a script and json file that maps crime to number of instances and a dictionary of teams:instace of category'

commit af0f017d157c58996f13b3014847af6752a7d850
Author: Gabriel Gontijo Moreira <gabrielgo.moreira@egmail.com>
Date:   Sat Mar 12 17:57:22 2016 -0600

    Donwloaded everyones picture and made it 250x250 size

commit ed10a919ced4eba25ce477c6bf0f5c638afe323f
Author: Gabriel Gontijo Moreira <gabrielgo.moreira@egmail.com>
Date:   Sat Mar 12 17:56:41 2016 -0600

    Changed the format of the about page and put in all the necessary info

commit 88f6fdbf9b38067e79aafe3a161fee5a6d2fd7f8
Author: Jena Cameron <jlciam21@cs.utexas.edu>
Date:   Sat Mar 12 15:33:10 2016 -0600

    quick startup up written. Running server and editing pages.

commit 8e4185e9f0d146de283167bac5919fbd9f108f63
Merge: 9fb927d 732ba89
Author: Hunter DeGroot <hunterdegroot@gmail.com>
Date:   Fri Mar 11 19:22:46 2016 -0600

    Merge branch 'dev'

commit 732ba897ec0d4b42f5baf16f1e6cb56bc81ee11c
Author: Hunter DeGroot <hunterdegroot@gmail.com>
Date:   Fri Mar 11 19:22:01 2016 -0600

    ng-Routes and data grid
    
    Skeleton setup for the front end

commit 33611123497aab8792cc373bb3462a913a9579b2
Merge: 9fec84c fe9a869
Author: c4k9c0 <charliecox17@yahoo.com>
Date:   Thu Mar 10 19:57:08 2016 -0600

    Merge branch 'dev' of https://github.com/c4k9c0/cs373-idb into dev

commit 9fec84cf311273404d58e037aab905579ff2aa9f
Author: c4k9c0 <charliecox17@yahoo.com>
Date:   Thu Mar 10 19:56:15 2016 -0600

    Added Datamined JSONs. Also including scripts used to make them.

commit 9fb927da63cdcc30ff11295fe8b431b0138151a0
Author: c4k9c0 <charilecox17@yahoo.com>
Date:   Wed Mar 9 22:27:46 2016 -0600

    Transferring API Description file from Apiary.io

commit fe9a869c885eb745f9e9f3c27ec1af08f5165bbd
Author: Andy Medina <andymedina@utexas.edu>
Date:   Wed Mar 9 21:57:40 2016 -0600

    python web app

commit a384c964481e9f741af212eab08c67d272d9b671
Author: c4k9c0 <charliecox17@yahoo.com>
Date:   Tue Mar 8 21:52:55 2016 -0600

    first commit
